[debug] [2025-04-08T14:30:16.575Z] ----------------------------------------------------------------------
[debug] [2025-04-08T14:30:16.578Z] Command:       /opt/homebrew/Cellar/node/23.10.0_1/bin/node /opt/homebrew/bin/firebase init
[debug] [2025-04-08T14:30:16.578Z] CLI Version:   14.1.0
[debug] [2025-04-08T14:30:16.579Z] Platform:      darwin
[debug] [2025-04-08T14:30:16.579Z] Node Version:  v23.10.0
[debug] [2025-04-08T14:30:16.579Z] Time:          Tue Apr 08 2025 07:30:16 GMT-0700 (Pacific Daylight Time)
[debug] [2025-04-08T14:30:16.579Z] ----------------------------------------------------------------------
[debug] 
[debug] [2025-04-08T14:30:16.639Z] > command requires scopes: ["email","openid","https://www.googleapis.com/auth/cloudplatformprojects.readonly","https://www.googleapis.com/auth/firebase","https://www.googleapis.com/auth/cloud-platform"]
[debug] [2025-04-08T14:30:16.639Z] > authorizing via signed-in user (stuart.schachle@gmail.com)
[info] 
     ######## #### ########  ######## ########     ###     ######  ########
     ##        ##  ##     ## ##       ##     ##  ##   ##  ##       ##
     ######    ##  ########  ######   ########  #########  ######  ######
     ##        ##  ##    ##  ##       ##     ## ##     ##       ## ##
     ##       #### ##     ## ######## ########  ##     ##  ######  ########

You're about to initialize a Firebase project in this directory:

  /Users/stuart/Desktop/bunkr

Before we get started, keep in mind:

  * You are initializing within an existing Firebase project directory

[info] 
=== Project Setup
[info] 
[info] First, let's associate this project directory with a Firebase project.
[info] You can create multiple project aliases by running firebase use --add, 
[info] but for now we'll just set up a default project.
[info] 
[debug] [2025-04-08T14:30:27.332Z] Using project from CLI flag: bunkr-7ae23
[debug] [2025-04-08T14:30:27.333Z] Checked if tokens are valid: true, expires at: 1744125888001
[debug] [2025-04-08T14:30:27.333Z] Checked if tokens are valid: true, expires at: 1744125888001
[debug] [2025-04-08T14:30:27.334Z] >>> [apiv2][query] GET https://firebase.googleapis.com/v1beta1/projects/bunkr-7ae23 [none]
[debug] [2025-04-08T14:30:27.722Z] <<< [apiv2][status] GET https://firebase.googleapis.com/v1beta1/projects/bunkr-7ae23 200
[debug] [2025-04-08T14:30:27.722Z] <<< [apiv2][body] GET https://firebase.googleapis.com/v1beta1/projects/bunkr-7ae23 {"projectId":"bunkr-7ae23","projectNumber":"866232275427","displayName":"bunkr","name":"projects/bunkr-7ae23","resources":{"hostingSite":"bunkr-7ae23"},"state":"ACTIVE","etag":"1_4f79344d-9633-400e-a384-a86ba1f31d13"}
[info] i  Using project bunkr-7ae23 (bunkr) 
[info] 
=== Firestore Setup
[debug] [2025-04-08T14:30:27.732Z] Checked if tokens are valid: true, expires at: 1744125888001
[debug] [2025-04-08T14:30:27.732Z] Checked if tokens are valid: true, expires at: 1744125888001
[debug] [2025-04-08T14:30:27.732Z] >>> [apiv2][query] GET https://serviceusage.googleapis.com/v1/projects/bunkr-7ae23/services/firestore.googleapis.com [none]
[debug] [2025-04-08T14:30:27.732Z] >>> [apiv2][(partial)header] GET https://serviceusage.googleapis.com/v1/projects/bunkr-7ae23/services/firestore.googleapis.com x-goog-quota-user=projects/bunkr-7ae23
[debug] [2025-04-08T14:30:28.168Z] <<< [apiv2][status] GET https://serviceusage.googleapis.com/v1/projects/bunkr-7ae23/services/firestore.googleapis.com 200
[debug] [2025-04-08T14:30:28.168Z] <<< [apiv2][body] GET https://serviceusage.googleapis.com/v1/projects/bunkr-7ae23/services/firestore.googleapis.com [omitted]
[debug] [2025-04-08T14:30:28.168Z] Checked if tokens are valid: true, expires at: 1744125888001
[debug] [2025-04-08T14:30:28.168Z] Checked if tokens are valid: true, expires at: 1744125888001
[debug] [2025-04-08T14:30:28.169Z] >>> [apiv2][query] GET https://firestore.googleapis.com/v1/projects/bunkr-7ae23/databases/(default) [none]
[debug] [2025-04-08T14:30:28.610Z] <<< [apiv2][status] GET https://firestore.googleapis.com/v1/projects/bunkr-7ae23/databases/(default) 200
[debug] [2025-04-08T14:30:28.611Z] <<< [apiv2][body] GET https://firestore.googleapis.com/v1/projects/bunkr-7ae23/databases/(default) {"name":"projects/bunkr-7ae23/databases/(default)","uid":"51822dce-d03c-4d8d-8f4a-a9691339715a","createTime":"2025-04-08T14:30:01.416603Z","updateTime":"2025-04-08T14:30:01.416603Z","locationId":"nam5","type":"FIRESTORE_NATIVE","concurrencyMode":"PESSIMISTIC","versionRetentionPeriod":"3600s","earliestVersionTime":"2025-04-08T14:30:01.416603Z","appEngineIntegrationMode":"DISABLED","keyPrefix":"s","pointInTimeRecoveryEnablement":"POINT_IN_TIME_RECOVERY_DISABLED","deleteProtectionState":"DELETE_PROTECTION_DISABLED","databaseEdition":"STANDARD","freeTier":true,"etag":"IIPg5I3TyIwDMJvP6IDTyIwD"}
[debug] [2025-04-08T14:30:28.611Z] database_type: FIRESTORE_NATIVE
[debug] [2025-04-08T14:30:28.611Z] database_type: FIRESTORE_NATIVE
[debug] [2025-04-08T14:30:28.611Z] > command requires scopes: ["email","openid","https://www.googleapis.com/auth/cloudplatformprojects.readonly","https://www.googleapis.com/auth/firebase","https://www.googleapis.com/auth/cloud-platform"]
[debug] [2025-04-08T14:30:28.611Z] > authorizing via signed-in user (stuart.schachle@gmail.com)
[debug] [2025-04-08T14:30:28.611Z] [iam] checking project bunkr-7ae23 for permissions ["firebase.projects.get"]
[debug] [2025-04-08T14:30:28.612Z] Checked if tokens are valid: true, expires at: 1744125888001
[debug] [2025-04-08T14:30:28.612Z] Checked if tokens are valid: true, expires at: 1744125888001
[debug] [2025-04-08T14:30:28.612Z] >>> [apiv2][query] POST https://cloudresourcemanager.googleapis.com/v1/projects/bunkr-7ae23:testIamPermissions [none]
[debug] [2025-04-08T14:30:28.612Z] >>> [apiv2][(partial)header] POST https://cloudresourcemanager.googleapis.com/v1/projects/bunkr-7ae23:testIamPermissions x-goog-quota-user=projects/bunkr-7ae23
[debug] [2025-04-08T14:30:28.612Z] >>> [apiv2][body] POST https://cloudresourcemanager.googleapis.com/v1/projects/bunkr-7ae23:testIamPermissions {"permissions":["firebase.projects.get"]}
[debug] [2025-04-08T14:30:28.715Z] <<< [apiv2][status] POST https://cloudresourcemanager.googleapis.com/v1/projects/bunkr-7ae23:testIamPermissions 200
[debug] [2025-04-08T14:30:28.715Z] <<< [apiv2][body] POST https://cloudresourcemanager.googleapis.com/v1/projects/bunkr-7ae23:testIamPermissions {"permissions":["firebase.projects.get"]}
[info] 
[info] Firestore Security Rules allow you to define how and when to allow
[info] requests. You can keep these rules in your project directory
[info] and publish them with firebase deploy.
[info] 
[info] 
[info] Firestore indexes allow you to perform complex queries while
[info] maintaining performance that scales with the size of the result
[info] set. You can keep index definitions in your project directory
[info] and publish them with firebase deploy.
[info] 
[info] 
=== Hosting Setup
[debug] [2025-04-08T14:31:00.278Z] Checked if tokens are valid: true, expires at: 1744125888001
[debug] [2025-04-08T14:31:00.278Z] Checked if tokens are valid: true, expires at: 1744125888001
[debug] [2025-04-08T14:31:00.279Z] >>> [apiv2][query] GET https://firebase.googleapis.com/v1beta1/projects/bunkr-7ae23 [none]
[debug] [2025-04-08T14:31:00.499Z] <<< [apiv2][status] GET https://firebase.googleapis.com/v1beta1/projects/bunkr-7ae23 200
[debug] [2025-04-08T14:31:00.499Z] <<< [apiv2][body] GET https://firebase.googleapis.com/v1beta1/projects/bunkr-7ae23 {"projectId":"bunkr-7ae23","projectNumber":"866232275427","displayName":"bunkr","name":"projects/bunkr-7ae23","resources":{"hostingSite":"bunkr-7ae23"},"state":"ACTIVE","etag":"1_4f79344d-9633-400e-a384-a86ba1f31d13"}
[info] 
[info] Your public directory is the folder (relative to your project directory) that
[info] will contain Hosting assets to be uploaded with firebase deploy. If you
[info] have a build process for your assets, use your build's output directory.
[info] 
[debug] [2025-04-08T14:34:22.860Z] >>> [apiv2][query] GET https://www.gstatic.com/firebasejs/releases.json [none]
[debug] [2025-04-08T14:34:22.982Z] <<< [apiv2][status] GET https://www.gstatic.com/firebasejs/releases.json 200
[debug] [2025-04-08T14:34:22.982Z] <<< [apiv2][body] GET https://www.gstatic.com/firebasejs/releases.json {"current":{"version":"11.6.0","browserURL":"https://www.gstatic.com/firebasejs/11.6.0/firebase.js","packageURL":"https://www.gstatic.com/firebasejs/11.6.0/firebase.tgz"},"live":{"version":"11.6","browserURL":"https://www.gstatic.com/firebasejs/live/11.6/firebase.js","packageURL":"https://www.gstatic.com/firebasejs/live/11.6/firebase.tgz"},"components":{"analytics":"https://www.gstatic.com/firebasejs/11.6.0/firebase-analytics.js","app":"https://www.gstatic.com/firebasejs/11.6.0/firebase-app.js","app-check":"https://www.gstatic.com/firebasejs/11.6.0/firebase-app-check.js","auth":"https://www.gstatic.com/firebasejs/11.6.0/firebase-auth.js","auth/cordova":"https://www.gstatic.com/firebasejs/11.6.0/firebase-auth/cordova.js","auth/web-extension":"https://www.gstatic.com/firebasejs/11.6.0/firebase-auth/web-extension.js","functions":"https://www.gstatic.com/firebasejs/11.6.0/firebase-functions.js","firestore":"https://www.gstatic.com/firebasejs/11.6.0/firebase-firestore.js","firestore/lite":"https://www.gstatic.com/firebasejs/11.6.0/firebase-firestore/lite.js","installations":"https://www.gstatic.com/firebasejs/11.6.0/firebase-installations.js","storage":"https://www.gstatic.com/firebasejs/11.6.0/firebase-storage.js","performance":"https://www.gstatic.com/firebasejs/11.6.0/firebase-performance.js","remote-config":"https://www.gstatic.com/firebasejs/11.6.0/firebase-remote-config.js","messaging":"https://www.gstatic.com/firebasejs/11.6.0/firebase-messaging.js","messaging/sw":"https://www.gstatic.com/firebasejs/11.6.0/firebase-messaging/sw.js","database":"https://www.gstatic.com/firebasejs/11.6.0/firebase-database.js","vertexai":"https://www.gstatic.com/firebasejs/11.6.0/firebase-vertexai.js","data-connect":"https://www.gstatic.com/firebasejs/11.6.0/firebase-data-connect.js","firestore.memory":"https://www.gstatic.com/firebasejs/11.6.0/firebase-firestore.memory.js"}}
[info] ✔  Wrote public/index.html 
[info] 
[info] i  Detected a .git folder at /Users/stuart/Desktop/bunkr 
[info] i  Authorizing with GitHub to upload your service account to a GitHub repository's secrets store. 
[info] 
[info] Visit this URL on this device to log in:
[info] https://github.com/login/oauth/authorize?client_id=89cf50f02ac6aaed3484&state=80004155&redirect_uri=http%3A%2F%2Flocalhost%3A9005&scope=read%3Auser%20repo%20public_repo
[info] 
[info] Waiting for authentication...
[debug] [2025-04-08T14:34:55.114Z] >>> [apiv2][query] POST https://github.com/login/oauth/access_token [none]
[debug] [2025-04-08T14:34:55.114Z] >>> [apiv2][body] POST https://github.com/login/oauth/access_token [stream]
[debug] [2025-04-08T14:34:55.488Z] <<< [apiv2][status] POST https://github.com/login/oauth/access_token 200
[debug] [2025-04-08T14:34:55.489Z] <<< [apiv2][body] POST https://github.com/login/oauth/access_token {"access_token":"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","token_type":"bearer","scope":"read:user,repo"}
[debug] [2025-04-08T14:34:55.492Z] >>> [apiv2][query] GET https://api.github.com/user [none]
[debug] [2025-04-08T14:34:55.707Z] <<< [apiv2][status] GET https://api.github.com/user 200
[debug] [2025-04-08T14:34:55.707Z] <<< [apiv2][body] GET https://api.github.com/user {"login":"stuschach","id":206269368,"node_id":"U_kgDODEtruA","avatar_url":"https://avatars.githubusercontent.com/u/206269368?v=4","gravatar_id":"","url":"https://api.github.com/users/stuschach","html_url":"https://github.com/stuschach","followers_url":"https://api.github.com/users/stuschach/followers","following_url":"https://api.github.com/users/stuschach/following{/other_user}","gists_url":"https://api.github.com/users/stuschach/gists{/gist_id}","starred_url":"https://api.github.com/users/stuschach/starred{/owner}{/repo}","subscriptions_url":"https://api.github.com/users/stuschach/subscriptions","organizations_url":"https://api.github.com/users/stuschach/orgs","repos_url":"https://api.github.com/users/stuschach/repos","events_url":"https://api.github.com/users/stuschach/events{/privacy}","received_events_url":"https://api.github.com/users/stuschach/received_events","type":"User","user_view_type":"private","site_admin":false,"name":null,"company":null,"blog":"","location":null,"email":null,"hireable":null,"bio":null,"twitter_username":null,"notification_email":null,"public_repos":0,"public_gists":0,"followers":0,"following":0,"created_at":"2025-04-04T20:37:02Z","updated_at":"2025-04-04T20:37:05Z","private_gists":0,"total_private_repos":0,"owned_private_repos":0,"disk_usage":0,"collaborators":0,"two_factor_authentication":false,"plan":{"name":"free","space":976562499,"collaborators":0,"private_repos":10000}}
[info] 
[info] ✔  Success! Logged into GitHub as stuschach 
[info] 
[debug] [2025-04-08T14:35:09.900Z] >>> [apiv2][query] GET https://api.github.com/repos//actions/secrets/public-key type=owner
[debug] [2025-04-08T14:35:10.040Z] <<< [apiv2][status] GET https://api.github.com/repos//actions/secrets/public-key 404
[debug] [2025-04-08T14:35:10.040Z] <<< [apiv2][body] GET https://api.github.com/repos//actions/secrets/public-key {"message":"Not Found","documentation_url":"https://docs.github.com/rest","status":"404"}
[info] 
[info] 
[error] ⚠  The provided authorization cannot be used with this repository. If this repository is in an organization, did you remember to grant access? 
[info] 
[info] i  Action required: Visit this URL to ensure access has been granted to the appropriate organization(s) for the Firebase CLI GitHub OAuth App: 
[info] https://github.com/settings/connections/applications/89cf50f02ac6aaed3484
[info] 
[debug] [2025-04-08T14:35:41.652Z] >>> [apiv2][query] GET https://api.github.com/repos//actions/secrets/public-key type=owner
[debug] [2025-04-08T14:35:41.820Z] <<< [apiv2][status] GET https://api.github.com/repos//actions/secrets/public-key 404
[debug] [2025-04-08T14:35:41.820Z] <<< [apiv2][body] GET https://api.github.com/repos//actions/secrets/public-key {"message":"Not Found","documentation_url":"https://docs.github.com/rest","status":"404"}
[info] 
[info] 
[error] ⚠  The provided authorization cannot be used with this repository. If this repository is in an organization, did you remember to grant access? 
[info] 
[info] i  Action required: Visit this URL to ensure access has been granted to the appropriate organization(s) for the Firebase CLI GitHub OAuth App: 
[info] https://github.com/settings/connections/applications/89cf50f02ac6aaed3484
[info] 
